07-Aug-2024 21:45:33.109 INFO [main] org.apache.catalina.startup.VersionLoggerListener.log Server version name:   Apache Tomcat/10.1.26
07-Aug-2024 21:45:33.119 INFO [main] org.apache.catalina.startup.VersionLoggerListener.log Server built:          Jul 7 2024 21:02:13 UTC
07-Aug-2024 21:45:33.120 INFO [main] org.apache.catalina.startup.VersionLoggerListener.log Server version number: 10.1.26.0
07-Aug-2024 21:45:33.120 INFO [main] org.apache.catalina.startup.VersionLoggerListener.log OS Name:               Windows 10
07-Aug-2024 21:45:33.120 INFO [main] org.apache.catalina.startup.VersionLoggerListener.log OS Version:            10.0
07-Aug-2024 21:45:33.121 INFO [main] org.apache.catalina.startup.VersionLoggerListener.log Architecture:          amd64
07-Aug-2024 21:45:33.121 INFO [main] org.apache.catalina.startup.VersionLoggerListener.log Java Home:             C:\Program Files\Java\jdk-21
07-Aug-2024 21:45:33.121 INFO [main] org.apache.catalina.startup.VersionLoggerListener.log JVM Version:           21.0.4+8-LTS-274
07-Aug-2024 21:45:33.122 INFO [main] org.apache.catalina.startup.VersionLoggerListener.log JVM Vendor:            Oracle Corporation
07-Aug-2024 21:45:33.122 INFO [main] org.apache.catalina.startup.VersionLoggerListener.log CATALINA_BASE:         E:\SpringProject-All-Telusko\SpringMvcDemo
07-Aug-2024 21:45:33.123 INFO [main] org.apache.catalina.startup.VersionLoggerListener.log CATALINA_HOME:         E:\SpringProject-All-Telusko\apache-tomcat-10.1.26
07-Aug-2024 21:45:33.136 INFO [main] org.apache.catalina.startup.VersionLoggerListener.log Command line argument: --add-opens=java.base/java.lang=ALL-UNNAMED
07-Aug-2024 21:45:33.136 INFO [main] org.apache.catalina.startup.VersionLoggerListener.log Command line argument: --add-opens=java.base/java.io=ALL-UNNAMED
07-Aug-2024 21:45:33.136 INFO [main] org.apache.catalina.startup.VersionLoggerListener.log Command line argument: --add-opens=java.base/java.util=ALL-UNNAMED
07-Aug-2024 21:45:33.136 INFO [main] org.apache.catalina.startup.VersionLoggerListener.log Command line argument: --add-opens=java.base/java.util.concurrent=ALL-UNNAMED
07-Aug-2024 21:45:33.136 INFO [main] org.apache.catalina.startup.VersionLoggerListener.log Command line argument: --add-opens=java.rmi/sun.rmi.transport=ALL-UNNAMED
07-Aug-2024 21:45:33.136 INFO [main] org.apache.catalina.startup.VersionLoggerListener.log Command line argument: -Dcatalina.home=E:\SpringProject-All-Telusko\apache-tomcat-10.1.26
07-Aug-2024 21:45:33.136 INFO [main] org.apache.catalina.startup.VersionLoggerListener.log Command line argument: -Dcatalina.base=E:\SpringProject-All-Telusko\SpringMvcDemo
07-Aug-2024 21:45:33.136 INFO [main] org.apache.catalina.startup.VersionLoggerListener.log Command line argument: -Djava.io.tmpdir=E:\SpringProject-All-Telusko\SpringMvcDemo\temp
07-Aug-2024 21:45:33.137 INFO [main] org.apache.catalina.startup.VersionLoggerListener.log Command line argument: -Djava.util.logging.config.file=E:\SpringProject-All-Telusko\SpringMvcDemo\conf\logging.properties
07-Aug-2024 21:45:33.137 INFO [main] org.apache.catalina.startup.VersionLoggerListener.log Command line argument: -Djava.util.logging.manager=org.apache.juli.ClassLoaderLogManager
07-Aug-2024 21:45:33.137 INFO [main] org.apache.catalina.startup.VersionLoggerListener.log Command line argument: -javaagent:C:\Program Files\JetBrains\IntelliJ IDEA Community Edition 2023.2.1\lib\idea_rt.jar=53315:C:\Program Files\JetBrains\IntelliJ IDEA Community Edition 2023.2.1\bin
07-Aug-2024 21:45:33.137 INFO [main] org.apache.catalina.startup.VersionLoggerListener.log Command line argument: -Dfile.encoding=UTF-8
07-Aug-2024 21:45:33.137 INFO [main] org.apache.catalina.startup.VersionLoggerListener.log Command line argument: -Dsun.stdout.encoding=UTF-8
07-Aug-2024 21:45:33.138 INFO [main] org.apache.catalina.startup.VersionLoggerListener.log Command line argument: -Dsun.stderr.encoding=UTF-8
07-Aug-2024 21:45:33.145 INFO [main] org.apache.catalina.core.AprLifecycleListener.lifecycleEvent The Apache Tomcat Native library which allows using OpenSSL was not found on the java.library.path: [C:\Program Files\Java\jdk-21\bin;C:\Windows\Sun\Java\bin;C:\Windows\system32;C:\Windows;C:\Program Files\Common Files\Oracle\Java\javapath;D:\oracle\product\10.2.0\db_1\bin;C:\Windows\system32;C:\Windows;C:\Windows\System32\Wbem;C:\Windows\System32\WindowsPowerShell\v1.0\;C:\Windows\System32\OpenSSH\;C:\Program Files\nodejs\;C:\Program Files (x86)\apache-maven-3.9.3\bin;C:\Program Files (x86)\apache-maven-3.9.3\bin;C:\Program Files\Java\jdk-17\bin;C:\Program Files\Git\cmd;C:\Users\Ishwar\AppData\Local\Microsoft\WindowsApps;;C:\Users\Ishwar\AppData\Local\Programs\Microsoft VS Code\bin;C:\Users\Ishwar\AppData\Roaming\npm;.]
07-Aug-2024 21:45:33.571 INFO [main] org.apache.coyote.AbstractProtocol.init Initializing ProtocolHandler ["http-nio-8080"]
07-Aug-2024 21:45:33.597 INFO [main] org.apache.catalina.startup.Catalina.load Server initialization in [806] milliseconds
07-Aug-2024 21:45:33.668 INFO [main] org.apache.catalina.core.StandardService.startInternal Starting service [Catalina]
07-Aug-2024 21:45:33.669 INFO [main] org.apache.catalina.core.StandardEngine.startInternal Starting Servlet engine: [Apache Tomcat/10.1.26]
07-Aug-2024 21:45:33.685 INFO [main] org.apache.catalina.startup.HostConfig.deployDescriptor Deploying deployment descriptor [E:\SpringProject-All-Telusko\SpringMvcDemo\conf\Catalina\localhost\ROOT.xml]
07-Aug-2024 21:45:35.532 INFO [main] org.apache.jasper.servlet.TldScanner.scanJars At least one JAR was scanned for TLDs yet contained no TLDs. Enable debug logging for this logger for a complete list of JARs that were scanned but no TLDs were found in them. Skipping unneeded JARs during scanning can improve startup time and JSP compilation time.
07-Aug-2024 21:45:35.626 INFO [main] org.apache.catalina.startup.HostConfig.deployDescriptor Deployment of deployment descriptor [E:\SpringProject-All-Telusko\SpringMvcDemo\conf\Catalina\localhost\ROOT.xml] has finished in [1,939] ms
07-Aug-2024 21:45:35.633 INFO [main] org.apache.coyote.AbstractProtocol.start Starting ProtocolHandler ["http-nio-8080"]
07-Aug-2024 21:45:35.679 INFO [main] org.apache.catalina.startup.Catalina.start Server startup in [2080] milliseconds
07-Aug-2024 21:46:28.367 INFO [http-nio-8080-exec-1] org.springframework.web.servlet.FrameworkServlet.initServletBean Initializing Servlet 'ish'
07-Aug-2024 21:46:29.786 INFO [http-nio-8080-exec-1] org.springframework.web.servlet.FrameworkServlet.initServletBean Completed initialization in 1418 ms
07-Aug-2024 21:55:27.472 INFO [Thread-1] org.apache.coyote.AbstractProtocol.pause Pausing ProtocolHandler ["http-nio-8080"]
07-Aug-2024 21:55:27.479 INFO [Thread-1] org.apache.catalina.core.StandardService.stopInternal Stopping service [Catalina]
07-Aug-2024 21:55:27.501 INFO [Thread-1] org.apache.coyote.AbstractProtocol.stop Stopping ProtocolHandler ["http-nio-8080"]
07-Aug-2024 21:55:27.514 INFO [Thread-1] org.apache.coyote.AbstractProtocol.destroy Destroying ProtocolHandler ["http-nio-8080"]
